2024-11-22 07:42:43 [INFO]: Loaded command: chart
2024-11-22 07:42:43 [INFO]: Loaded command: captcha
2024-11-22 07:42:43 [INFO]: Loaded command: community
2024-11-22 07:42:43 [INFO]: Loaded command: price
2024-11-22 07:42:43 [INFO]: Loaded command: newtoken
2024-11-22 07:42:43 [INFO]: Loaded command: sentiment
2024-11-22 07:42:43 [INFO]: Loaded command: meme
2024-11-22 07:42:43 [INFO]: Loaded command: moderation
2024-11-22 07:42:43 [INFO]: Loaded command: news
2024-11-22 07:42:43 [INFO]: Loaded command: ranking
2024-11-22 07:42:43 [INFO]: Loaded command: wallet
2024-11-22 07:42:43 [INFO]: Loaded command: whalealert
2024-11-22 07:42:43 [INFO]: Express server is running on port 3000
2024-11-22 07:42:43 [ERROR]: Failed to login Discord Bot: Error [TokenInvalid]: An invalid token was provided.
2024-11-22 07:44:03 [INFO]: Loaded command: chart
2024-11-22 07:44:03 [INFO]: Loaded command: captcha
2024-11-22 07:44:03 [INFO]: Loaded command: community
2024-11-22 07:44:03 [INFO]: Loaded command: price
2024-11-22 07:44:03 [INFO]: Loaded command: newtoken
2024-11-22 07:44:03 [INFO]: Loaded command: sentiment
2024-11-22 07:44:03 [INFO]: Loaded command: meme
2024-11-22 07:44:03 [INFO]: Loaded command: moderation
2024-11-22 07:44:03 [INFO]: Loaded command: news
2024-11-22 07:44:03 [INFO]: Loaded command: ranking
2024-11-22 07:44:03 [INFO]: Loaded command: wallet
2024-11-22 07:44:03 [INFO]: Loaded command: whalealert
2024-11-22 07:44:03 [INFO]: Express server is running on port 3000
2024-11-22 07:44:05 [INFO]: Discord Bot is online!
2024-11-22 07:44:18 [INFO]: Loaded command: chart
2024-11-22 07:44:18 [INFO]: Loaded command: captcha
2024-11-22 07:44:18 [INFO]: Loaded command: community
2024-11-22 07:44:18 [INFO]: Loaded command: price
2024-11-22 07:44:18 [INFO]: Loaded command: newtoken
2024-11-22 07:44:18 [INFO]: Loaded command: sentiment
2024-11-22 07:44:18 [INFO]: Loaded command: meme
2024-11-22 07:44:18 [INFO]: Loaded command: moderation
2024-11-22 07:44:18 [INFO]: Loaded command: news
2024-11-22 07:44:18 [INFO]: Loaded command: ranking
2024-11-22 07:44:18 [INFO]: Loaded command: wallet
2024-11-22 07:44:18 [INFO]: Loaded command: whalealert
2024-11-22 07:44:18 [INFO]: Express server is running on port 3000
2024-11-22 07:44:20 [INFO]: Discord Bot is online!
2024-11-22 07:48:21 [INFO]: Loaded command: chart
2024-11-22 07:48:21 [INFO]: Loaded command: captcha
2024-11-22 07:48:21 [INFO]: Loaded command: community
2024-11-22 07:48:21 [INFO]: Loaded command: price
2024-11-22 07:48:21 [INFO]: Loaded command: newtoken
2024-11-22 07:48:21 [INFO]: Loaded command: sentiment
2024-11-22 07:48:21 [INFO]: Loaded command: meme
2024-11-22 07:48:21 [INFO]: Loaded command: moderation
2024-11-22 07:48:21 [INFO]: Loaded command: news
2024-11-22 07:48:21 [INFO]: Loaded command: ranking
2024-11-22 07:48:21 [INFO]: Loaded command: wallet
2024-11-22 07:48:21 [INFO]: Loaded command: whalealert
2024-11-22 07:48:21 [INFO]: Express server is running on port 3000
2024-11-22 07:48:24 [INFO]: Discord Bot is online!
2024-11-22 07:48:34 [INFO]: Loaded command: chart
2024-11-22 07:48:34 [INFO]: Loaded command: captcha
2024-11-22 07:48:34 [INFO]: Loaded command: community
2024-11-22 07:48:34 [INFO]: Loaded command: price
2024-11-22 07:48:34 [INFO]: Loaded command: newtoken
2024-11-22 07:48:34 [INFO]: Loaded command: sentiment
2024-11-22 07:48:34 [INFO]: Loaded command: meme
2024-11-22 07:48:34 [INFO]: Loaded command: moderation
2024-11-22 07:48:34 [INFO]: Loaded command: news
2024-11-22 07:48:34 [INFO]: Loaded command: ranking
2024-11-22 07:48:34 [INFO]: Loaded command: wallet
2024-11-22 07:48:34 [INFO]: Loaded command: whalealert
2024-11-22 07:48:34 [INFO]: Express server is running on port 3000
2024-11-22 07:48:36 [INFO]: Discord Bot is online!
2024-11-22 07:49:15 [INFO]: Loaded command: chart
2024-11-22 07:49:15 [INFO]: Loaded command: captcha
2024-11-22 07:49:15 [INFO]: Loaded command: community
2024-11-22 07:49:15 [INFO]: Loaded command: price
2024-11-22 07:49:15 [INFO]: Loaded command: newtoken
2024-11-22 07:49:15 [INFO]: Loaded command: sentiment
2024-11-22 07:49:15 [INFO]: Loaded command: meme
2024-11-22 07:49:15 [INFO]: Loaded command: moderation
2024-11-22 07:49:15 [INFO]: Loaded command: news
2024-11-22 07:49:15 [INFO]: Loaded command: ranking
2024-11-22 07:49:15 [INFO]: Loaded command: wallet
2024-11-22 07:49:15 [INFO]: Loaded command: whalealert
2024-11-22 07:49:15 [INFO]: Express server is running on port 3000
2024-11-22 07:49:16 [INFO]: Discord Bot is online!
2024-11-22 07:49:17 [INFO]: Loaded command: chart
2024-11-22 07:49:17 [INFO]: Loaded command: captcha
2024-11-22 07:49:17 [INFO]: Loaded command: community
2024-11-22 07:49:17 [INFO]: Loaded command: price
2024-11-22 07:49:17 [INFO]: Loaded command: newtoken
2024-11-22 07:49:17 [INFO]: Loaded command: sentiment
2024-11-22 07:49:17 [INFO]: Loaded command: meme
2024-11-22 07:49:17 [INFO]: Loaded command: moderation
2024-11-22 07:49:17 [INFO]: Loaded command: news
2024-11-22 07:49:17 [INFO]: Loaded command: ranking
2024-11-22 07:49:17 [INFO]: Loaded command: wallet
2024-11-22 07:49:17 [INFO]: Loaded command: whalealert
2024-11-22 07:49:17 [INFO]: Express server is running on port 3000
2024-11-22 07:49:19 [INFO]: Discord Bot is online!
2024-11-22 07:49:33 [INFO]: Loaded command: chart
2024-11-22 07:49:33 [INFO]: Loaded command: captcha
2024-11-22 07:49:33 [INFO]: Loaded command: community
2024-11-22 07:49:33 [INFO]: Loaded command: price
2024-11-22 07:49:33 [INFO]: Loaded command: newtoken
2024-11-22 07:49:33 [INFO]: Loaded command: sentiment
2024-11-22 07:49:33 [INFO]: Loaded command: meme
2024-11-22 07:49:33 [INFO]: Loaded command: moderation
2024-11-22 07:49:33 [INFO]: Loaded command: news
2024-11-22 07:49:33 [INFO]: Loaded command: ranking
2024-11-22 07:49:33 [INFO]: Loaded command: wallet
2024-11-22 07:49:33 [INFO]: Loaded command: whalealert
2024-11-22 07:49:33 [INFO]: Express server is running on port 3000
2024-11-22 07:49:35 [INFO]: Discord Bot is online!
2024-11-22 07:49:58 [INFO]: Loaded command: chart
2024-11-22 07:49:58 [INFO]: Loaded command: captcha
2024-11-22 07:49:58 [INFO]: Loaded command: community
2024-11-22 07:49:58 [INFO]: Loaded command: price
2024-11-22 07:49:58 [INFO]: Loaded command: newtoken
2024-11-22 07:49:58 [INFO]: Loaded command: sentiment
2024-11-22 07:49:58 [INFO]: Loaded command: meme
2024-11-22 07:49:58 [INFO]: Loaded command: moderation
2024-11-22 07:49:58 [INFO]: Loaded command: news
2024-11-22 07:49:58 [INFO]: Loaded command: ranking
2024-11-22 07:49:58 [INFO]: Loaded command: wallet
2024-11-22 07:49:58 [INFO]: Loaded command: whalealert
2024-11-22 07:49:58 [INFO]: Express server is running on port 3000
2024-11-22 07:50:00 [INFO]: Discord Bot is online!
2024-11-22 07:52:40 [INFO]: Loaded command: chart
2024-11-22 07:52:40 [INFO]: Loaded command: captcha
2024-11-22 07:52:40 [INFO]: Loaded command: community
2024-11-22 07:52:40 [INFO]: Loaded command: price
2024-11-22 07:52:40 [INFO]: Loaded command: newtoken
2024-11-22 07:52:40 [INFO]: Loaded command: sentiment
2024-11-22 07:52:40 [INFO]: Loaded command: meme
2024-11-22 07:52:40 [INFO]: Loaded command: moderation
2024-11-22 07:52:40 [INFO]: Loaded command: news
2024-11-22 07:52:40 [INFO]: Loaded command: ranking
2024-11-22 07:52:40 [INFO]: Loaded command: wallet
2024-11-22 07:52:40 [INFO]: Loaded command: whalealert
2024-11-22 07:52:40 [INFO]: Express server is running on port 3000
2024-11-22 07:52:42 [INFO]: Discord Bot is online!
2024-11-22 08:00:21 [INFO]: Loaded command: chart
2024-11-22 08:00:21 [INFO]: Loaded command: captcha
2024-11-22 08:00:21 [INFO]: Loaded command: community
2024-11-22 08:00:21 [INFO]: Loaded command: price
2024-11-22 08:00:21 [INFO]: Loaded command: newtoken
2024-11-22 08:00:21 [INFO]: Loaded command: sentiment
2024-11-22 08:00:21 [INFO]: Loaded command: meme
2024-11-22 08:00:21 [INFO]: Loaded command: moderation
2024-11-22 08:00:21 [INFO]: Loaded command: news
2024-11-22 08:00:21 [INFO]: Loaded command: ranking
2024-11-22 08:00:21 [INFO]: Loaded command: wallet
2024-11-22 08:00:21 [INFO]: Loaded command: whalealert
2024-11-22 08:00:21 [INFO]: Express server is running on port 3000
2024-11-22 08:00:23 [INFO]: Discord Bot is online!
2024-11-22 08:00:46 [INFO]: Loaded command: chart
2024-11-22 08:00:46 [INFO]: Loaded command: captcha
2024-11-22 08:00:46 [INFO]: Loaded command: community
2024-11-22 08:00:46 [INFO]: Loaded command: price
2024-11-22 08:00:46 [INFO]: Loaded command: newtoken
2024-11-22 08:00:46 [INFO]: Loaded command: sentiment
2024-11-22 08:00:46 [INFO]: Loaded command: meme
2024-11-22 08:00:46 [INFO]: Loaded command: moderation
2024-11-22 08:00:46 [INFO]: Loaded command: news
2024-11-22 08:00:46 [INFO]: Loaded command: ranking
2024-11-22 08:00:46 [INFO]: Loaded command: wallet
2024-11-22 08:00:46 [INFO]: Loaded command: whalealert
2024-11-22 08:00:46 [INFO]: Express server is running on port 3000
2024-11-22 08:00:48 [INFO]: Discord Bot is online!
2024-11-22 08:02:45 [INFO]: Loaded command: chart
2024-11-22 08:02:45 [INFO]: Loaded command: captcha
2024-11-22 08:02:45 [INFO]: Loaded command: community
2024-11-22 08:02:45 [INFO]: Loaded command: price
2024-11-22 08:02:45 [INFO]: Loaded command: newtoken
2024-11-22 08:02:45 [INFO]: Loaded command: sentiment
2024-11-22 08:02:45 [INFO]: Loaded command: meme
2024-11-22 08:02:45 [INFO]: Loaded command: moderation
2024-11-22 08:02:45 [INFO]: Loaded command: news
2024-11-22 08:02:45 [INFO]: Loaded command: ranking
2024-11-22 08:02:45 [INFO]: Loaded command: wallet
2024-11-22 08:02:45 [INFO]: Loaded command: whalealert
2024-11-22 08:02:45 [INFO]: Express server is running on port 3000
2024-11-22 08:02:47 [INFO]: Discord Bot is online!
2024-11-22 08:02:55 [INFO]: Loaded command: chart
2024-11-22 08:02:55 [INFO]: Loaded command: captcha
2024-11-22 08:02:55 [INFO]: Loaded command: community
2024-11-22 08:02:55 [INFO]: Loaded command: price
2024-11-22 08:02:55 [INFO]: Loaded command: newtoken
2024-11-22 08:02:55 [INFO]: Loaded command: sentiment
2024-11-22 08:02:55 [INFO]: Loaded command: meme
2024-11-22 08:02:55 [INFO]: Loaded command: moderation
2024-11-22 08:02:55 [INFO]: Loaded command: news
2024-11-22 08:02:55 [INFO]: Loaded command: ranking
2024-11-22 08:02:55 [INFO]: Loaded command: wallet
2024-11-22 08:02:55 [INFO]: Loaded command: whalealert
2024-11-22 08:02:55 [INFO]: Express server is running on port 3000
2024-11-22 08:02:58 [INFO]: Discord Bot is online!
2024-11-22 08:30:35 [INFO]: Loaded command: chart
2024-11-22 08:30:35 [INFO]: Loaded command: captcha
2024-11-22 08:30:35 [INFO]: Loaded command: community
2024-11-22 08:30:35 [INFO]: Loaded command: price
2024-11-22 08:30:35 [INFO]: Loaded command: newtoken
2024-11-22 08:30:35 [INFO]: Loaded command: sentiment
2024-11-22 08:30:35 [INFO]: Loaded command: meme
2024-11-22 08:30:35 [INFO]: Loaded command: moderation
2024-11-22 08:30:35 [INFO]: Loaded command: news
2024-11-22 08:30:35 [INFO]: Loaded command: ranking
2024-11-22 08:30:35 [INFO]: Loaded command: wallet
2024-11-22 08:30:35 [INFO]: Loaded command: whalealert
2024-11-22 08:30:35 [INFO]: Express server is running on port 3000
2024-11-22 08:30:37 [INFO]: Discord Bot is online!
2024-11-22 08:31:24 [INFO]: Loaded command: chart
2024-11-22 08:31:24 [INFO]: Loaded command: captcha
2024-11-22 08:31:24 [INFO]: Loaded command: community
2024-11-22 08:31:24 [INFO]: Loaded command: price
2024-11-22 08:31:24 [INFO]: Loaded command: newtoken
2024-11-22 08:31:24 [INFO]: Loaded command: sentiment
2024-11-22 08:31:24 [INFO]: Loaded command: meme
2024-11-22 08:31:24 [INFO]: Loaded command: moderation
2024-11-22 08:31:24 [INFO]: Loaded command: news
2024-11-22 08:31:24 [INFO]: Loaded command: ranking
2024-11-22 08:31:24 [INFO]: Loaded command: wallet
2024-11-22 08:31:24 [INFO]: Loaded command: whalealert
2024-11-22 08:31:24 [INFO]: Express server is running on port 3000
2024-11-22 08:31:26 [INFO]: Discord Bot is online!
2024-11-22 08:34:16 [INFO]: Loaded command: chart
2024-11-22 08:34:16 [INFO]: Loaded command: captcha
2024-11-22 08:34:16 [INFO]: Loaded command: community
2024-11-22 08:34:16 [INFO]: Loaded command: price
2024-11-22 08:34:16 [INFO]: Loaded command: newtoken
2024-11-22 08:34:16 [INFO]: Loaded command: sentiment
2024-11-22 08:34:16 [INFO]: Loaded command: meme
2024-11-22 08:34:16 [INFO]: Loaded command: moderation
2024-11-22 08:34:16 [INFO]: Loaded command: news
2024-11-22 08:34:16 [INFO]: Loaded command: ranking
2024-11-22 08:34:16 [INFO]: Loaded command: wallet
2024-11-22 08:34:16 [INFO]: Loaded command: whalealert
2024-11-22 08:34:16 [INFO]: Express server is running on port 3000
2024-11-22 08:34:18 [INFO]: Discord Bot is online!
2024-11-22 08:34:33 [INFO]: Loaded command: chart
2024-11-22 08:34:33 [INFO]: Loaded command: captcha
2024-11-22 08:34:33 [INFO]: Loaded command: community
2024-11-22 08:34:33 [INFO]: Loaded command: price
2024-11-22 08:34:33 [INFO]: Loaded command: newtoken
2024-11-22 08:34:33 [INFO]: Loaded command: sentiment
2024-11-22 08:34:33 [INFO]: Loaded command: meme
2024-11-22 08:34:33 [INFO]: Loaded command: moderation
2024-11-22 08:34:33 [INFO]: Loaded command: news
2024-11-22 08:34:33 [INFO]: Loaded command: ranking
2024-11-22 08:34:33 [INFO]: Loaded command: wallet
2024-11-22 08:34:33 [INFO]: Loaded command: whalealert
2024-11-22 08:34:33 [INFO]: Express server is running on port 3000
2024-11-22 08:34:35 [INFO]: Discord Bot is online!
2024-11-22 08:35:06 [INFO]: Loaded command: chart
2024-11-22 08:35:06 [INFO]: Loaded command: captcha
2024-11-22 08:35:06 [INFO]: Loaded command: community
2024-11-22 08:35:06 [INFO]: Loaded command: price
2024-11-22 08:35:06 [INFO]: Loaded command: newtoken
2024-11-22 08:35:06 [INFO]: Loaded command: sentiment
2024-11-22 08:35:06 [INFO]: Loaded command: meme
2024-11-22 08:35:06 [INFO]: Loaded command: moderation
2024-11-22 08:35:06 [INFO]: Loaded command: news
2024-11-22 08:35:06 [INFO]: Loaded command: ranking
2024-11-22 08:35:06 [INFO]: Loaded command: wallet
2024-11-22 08:35:06 [INFO]: Loaded command: whalealert
2024-11-22 08:35:06 [INFO]: Express server is running on port 3000
2024-11-22 08:35:08 [INFO]: Discord Bot is online!
2024-11-22 08:36:24 [INFO]: Loaded command: chart
2024-11-22 08:36:24 [INFO]: Loaded command: captcha
2024-11-22 08:36:24 [INFO]: Loaded command: community
2024-11-22 08:36:24 [INFO]: Loaded command: price
2024-11-22 08:36:24 [INFO]: Loaded command: newtoken
2024-11-22 08:36:24 [INFO]: Loaded command: sentiment
2024-11-22 08:36:24 [INFO]: Loaded command: meme
2024-11-22 08:36:24 [INFO]: Loaded command: moderation
2024-11-22 08:36:24 [INFO]: Loaded command: news
2024-11-22 08:36:24 [INFO]: Loaded command: ranking
2024-11-22 08:36:24 [INFO]: Loaded command: wallet
2024-11-22 08:36:24 [INFO]: Loaded command: whalealert
2024-11-22 08:36:24 [INFO]: Express server is running on port 3000
2024-11-22 08:36:26 [INFO]: Discord Bot is online!
2024-11-22 08:37:52 [ERROR]: Uncaught exception: DiscordAPIError[10062]: Unknown interaction
2024-11-22 08:40:57 [INFO]: Loaded command: chart
2024-11-22 08:40:57 [INFO]: Loaded command: captcha
2024-11-22 08:40:57 [INFO]: Loaded command: community
2024-11-22 08:40:57 [INFO]: Loaded command: price
2024-11-22 08:40:57 [INFO]: Loaded command: newtoken
2024-11-22 08:40:57 [INFO]: Loaded command: sentiment
2024-11-22 08:40:57 [INFO]: Loaded command: meme
2024-11-22 08:40:57 [INFO]: Loaded command: moderation
2024-11-22 08:40:57 [INFO]: Loaded command: news
2024-11-22 08:40:57 [INFO]: Loaded command: ranking
2024-11-22 08:40:57 [INFO]: Loaded command: wallet
2024-11-22 08:40:57 [INFO]: Loaded command: whalealert
2024-11-22 08:40:57 [INFO]: Express server is running on port 3000
2024-11-22 08:40:59 [INFO]: Discord Bot is online!
2024-11-22 08:41:16 [ERROR]: Uncaught exception: DiscordAPIError[10062]: Unknown interaction
2024-11-22 08:48:41 [INFO]: Loaded command: chart
2024-11-22 08:48:41 [INFO]: Loaded command: captcha
2024-11-22 08:48:41 [INFO]: Loaded command: community
2024-11-22 08:48:41 [INFO]: Loaded command: price
2024-11-22 08:48:41 [INFO]: Loaded command: newtoken
2024-11-22 08:48:41 [INFO]: Loaded command: sentiment
2024-11-22 08:48:41 [INFO]: Loaded command: meme
2024-11-22 08:48:41 [INFO]: Loaded command: moderation
2024-11-22 08:48:41 [INFO]: Loaded command: news
2024-11-22 08:48:41 [INFO]: Loaded command: ranking
2024-11-22 08:48:41 [INFO]: Loaded command: wallet
2024-11-22 08:48:41 [INFO]: Loaded command: whalealert
2024-11-22 08:48:41 [INFO]: Express server is running on port 3000
2024-11-22 08:48:43 [INFO]: Discord Bot is online!
