2024-11-22 07:42:43 [ERROR]: Failed to login Discord Bot: Error [TokenInvalid]: An invalid token was provided.
2024-11-22 08:37:52 [ERROR]: Uncaught exception: DiscordAPIError[10062]: Unknown interaction
2024-11-22 08:41:16 [ERROR]: Uncaught exception: DiscordAPIError[10062]: Unknown interaction
2024-11-21 21:24:04 [ERROR]: [ERROR] Failed to load command at C:\Users\Asif Computer\Desktop\Discord\Discard_bot\src\commands\freshTokens.js: SyntaxError: Invalid or unexpected token
2024-11-22 02:37:10 [ERROR]: Failed to login Discord Bot: Error [TokenInvalid]: An invalid token was provided.
2024-11-22 02:39:58 [ERROR]: Uncaught exception: SyntaxError: Unexpected non-whitespace character after JSON at position 770
2024-11-22 02:45:20 [ERROR]: Failed to login Discord Bot: Error [TokenInvalid]: An invalid token was provided.
2024-11-22 02:49:23 [ERROR]: Uncaught exception: ReferenceError: prohibitedWords is not defined
2024-11-22 02:59:24 [ERROR]: Failed to login Discord Bot: Error [TokenInvalid]: An invalid token was provided.
2024-11-22 03:00:15 [ERROR]: Failed to login Discord Bot: Error [TokenInvalid]: An invalid token was provided.
2024-11-22 03:36:06 [ERROR]: Uncaught exception: SyntaxError: Unexpected non-whitespace character after JSON at position 801
2024-11-22 05:26:18 [ERROR]: Failed to login Discord Bot: Error: getaddrinfo ENOTFOUND discord.com
2024-11-22 05:45:33 [ERROR]: Failed to login Discord Bot: Error [TokenInvalid]: An invalid token was provided.
2024-11-22 06:03:50 [ERROR]: Uncaught exception: ReferenceError: MTMwODc4Njk1MDY4MTAwNjE5MQ is not defined
2024-11-22 06:31:33 [ERROR]: Failed to login Discord Bot: Error [TokenInvalid]: An invalid token was provided.
2024-11-22 21:49:01 [ERROR]: Unhandled promise rejection: DiscordAPIError[50001]: Missing Access
2024-11-22 23:31:00 [ERROR]: [ERROR] Failed to load command at C:\Users\Asif Computer\Desktop\Discord\Discard_bot\src\commands\analytics.js: SyntaxError: Unexpected identifier 'executeChartCommand'
2024-11-22 23:31:40 [ERROR]: [ERROR] Failed to load command at C:\Users\Asif Computer\Desktop\Discord\Discard_bot\src\commands\analytics.js: SyntaxError: Unexpected identifier 'executeChartCommand'
2024-11-23 01:33:57 [ERROR]: [ERROR] Failed to load command at C:\Users\Asif Computer\Desktop\Discord\Discard_bot\src\commands\analytics.js: Error: Cannot find module 'corn'
Require stack:
- C:\Users\Asif Computer\Desktop\Discord\Discard_bot\src\commands\analytics.js
- C:\Users\Asif Computer\Desktop\Discord\Discard_bot\src\index.js
2024-11-23 01:42:15 [ERROR]: [ERROR] Failed to load command at C:\Users\Asif Computer\Desktop\Discord\Discard_bot\src\commands\analytics.js: Error: Cannot find module 'cron'
Require stack:
- C:\Users\Asif Computer\Desktop\Discord\Discard_bot\src\commands\analytics.js
- C:\Users\Asif Computer\Desktop\Discord\Discard_bot\src\index.js
2024-11-23 01:42:21 [ERROR]: [ERROR] Failed to load command at C:\Users\Asif Computer\Desktop\Discord\Discard_bot\src\commands\analytics.js: Error: Cannot find module 'cron'
Require stack:
- C:\Users\Asif Computer\Desktop\Discord\Discard_bot\src\commands\analytics.js
- C:\Users\Asif Computer\Desktop\Discord\Discard_bot\src\index.js
2024-11-23 01:43:09 [ERROR]: [ERROR] Failed to load command at C:\Users\Asif Computer\Desktop\Discord\Discard_bot\src\commands\analytics.js: Error: Cannot find module 'cron'
Require stack:
- C:\Users\Asif Computer\Desktop\Discord\Discard_bot\src\commands\analytics.js
- C:\Users\Asif Computer\Desktop\Discord\Discard_bot\src\index.js
2024-11-23 01:43:21 [ERROR]: [ERROR] Failed to load command at C:\Users\Asif Computer\Desktop\Discord\Discard_bot\src\commands\analytics.js: Error: Cannot find module 'cron'
Require stack:
- C:\Users\Asif Computer\Desktop\Discord\Discard_bot\src\commands\analytics.js
- C:\Users\Asif Computer\Desktop\Discord\Discard_bot\src\index.js
2024-11-23 01:44:27 [ERROR]: [ERROR] Failed to load command at C:\Users\Asif Computer\Desktop\Discord\Discard_bot\src\commands\analytics.js: Error: Cannot find module 'cron'
Require stack:
- C:\Users\Asif Computer\Desktop\Discord\Discard_bot\src\commands\analytics.js
- C:\Users\Asif Computer\Desktop\Discord\Discard_bot\src\index.js
2024-11-23 01:45:36 [ERROR]: [ERROR] Failed to load command at C:\Users\Asif Computer\Desktop\Discord\Discard_bot\src\commands\analytics.js: Error: Cannot find module 'cron'
Require stack:
- C:\Users\Asif Computer\Desktop\Discord\Discard_bot\src\commands\analytics.js
- C:\Users\Asif Computer\Desktop\Discord\Discard_bot\src\index.js
2024-11-23 02:42:20 [ERROR]: Unhandled promise rejection: Error [TokenInvalid]: An invalid token was provided.
2024-11-23 02:44:44 [ERROR]: Unhandled promise rejection: ReferenceError: CronJob is not defined
2024-11-24 21:49:59 [ERROR]: Unhandled promise rejection: Error [InteractionAlreadyReplied]: The reply to this interaction has already been sent or deferred.
2024-11-24 21:50:00 [ERROR]: Unhandled promise rejection: Error [InteractionAlreadyReplied]: The reply to this interaction has already been sent or deferred.
2024-11-24 21:50:00 [ERROR]: Unhandled promise rejection: Error [InteractionAlreadyReplied]: The reply to this interaction has already been sent or deferred.
2024-11-24 21:50:00 [ERROR]: Unhandled promise rejection: Error [InteractionAlreadyReplied]: The reply to this interaction has already been sent or deferred.
2024-11-24 21:54:55 [ERROR]: Unhandled promise rejection: Error [InteractionAlreadyReplied]: The reply to this interaction has already been sent or deferred.
2024-11-24 21:54:55 [ERROR]: Unhandled promise rejection: Error [InteractionAlreadyReplied]: The reply to this interaction has already been sent or deferred.
2024-11-24 21:54:55 [ERROR]: Unhandled promise rejection: Error [InteractionAlreadyReplied]: The reply to this interaction has already been sent or deferred.
2024-11-24 21:54:55 [ERROR]: Unhandled promise rejection: Error [InteractionAlreadyReplied]: The reply to this interaction has already been sent or deferred.
2024-11-24 21:54:56 [ERROR]: Unhandled promise rejection: Error [InteractionAlreadyReplied]: The reply to this interaction has already been sent or deferred.
2024-11-24 21:54:56 [ERROR]: Unhandled promise rejection: Error [InteractionAlreadyReplied]: The reply to this interaction has already been sent or deferred.
2024-11-24 22:08:53 [ERROR]: Unhandled promise rejection: Error [InteractionAlreadyReplied]: The reply to this interaction has already been sent or deferred.
2024-11-24 22:08:53 [ERROR]: Unhandled promise rejection: Error [InteractionAlreadyReplied]: The reply to this interaction has already been sent or deferred.
2024-11-24 22:08:53 [ERROR]: Unhandled promise rejection: Error [InteractionAlreadyReplied]: The reply to this interaction has already been sent or deferred.
2024-11-24 22:08:53 [ERROR]: Unhandled promise rejection: Error [InteractionAlreadyReplied]: The reply to this interaction has already been sent or deferred.
2024-11-24 22:08:53 [ERROR]: Unhandled promise rejection: Error [InteractionAlreadyReplied]: The reply to this interaction has already been sent or deferred.
2024-11-24 22:08:53 [ERROR]: Unhandled promise rejection: Error [InteractionAlreadyReplied]: The reply to this interaction has already been sent or deferred.
2024-11-24 22:09:20 [ERROR]: Unhandled promise rejection: Error [InteractionAlreadyReplied]: The reply to this interaction has already been sent or deferred.
2024-11-24 22:09:20 [ERROR]: Unhandled promise rejection: Error [InteractionAlreadyReplied]: The reply to this interaction has already been sent or deferred.
2024-11-24 22:09:20 [ERROR]: Unhandled promise rejection: Error [InteractionAlreadyReplied]: The reply to this interaction has already been sent or deferred.
2024-11-24 22:09:20 [ERROR]: Unhandled promise rejection: Error [InteractionAlreadyReplied]: The reply to this interaction has already been sent or deferred.
2024-11-24 22:09:20 [ERROR]: Unhandled promise rejection: Error [InteractionAlreadyReplied]: The reply to this interaction has already been sent or deferred.
2024-11-24 22:10:39 [ERROR]: Unhandled promise rejection: Error [InteractionAlreadyReplied]: The reply to this interaction has already been sent or deferred.
2024-11-24 22:10:40 [ERROR]: Unhandled promise rejection: Error [InteractionAlreadyReplied]: The reply to this interaction has already been sent or deferred.
2024-11-24 22:10:40 [ERROR]: Unhandled promise rejection: Error [InteractionAlreadyReplied]: The reply to this interaction has already been sent or deferred.
2024-11-24 22:10:40 [ERROR]: Unhandled promise rejection: Error [InteractionAlreadyReplied]: The reply to this interaction has already been sent or deferred.
2024-11-24 22:10:40 [ERROR]: Unhandled promise rejection: Error [InteractionAlreadyReplied]: The reply to this interaction has already been sent or deferred.
2024-11-24 22:10:40 [ERROR]: Unhandled promise rejection: Error [InteractionAlreadyReplied]: The reply to this interaction has already been sent or deferred.
2024-11-24 22:10:40 [ERROR]: Unhandled promise rejection: Error [InteractionAlreadyReplied]: The reply to this interaction has already been sent or deferred.
2024-11-24 22:23:51 [ERROR]: Unhandled promise rejection: Error [InteractionAlreadyReplied]: The reply to this interaction has already been sent or deferred.
2024-11-24 22:23:51 [ERROR]: Unhandled promise rejection: Error [InteractionAlreadyReplied]: The reply to this interaction has already been sent or deferred.
2024-11-24 22:23:51 [ERROR]: Unhandled promise rejection: Error [InteractionAlreadyReplied]: The reply to this interaction has already been sent or deferred.
2024-11-24 22:23:51 [ERROR]: Unhandled promise rejection: Error [InteractionAlreadyReplied]: The reply to this interaction has already been sent or deferred.
2024-11-24 22:23:51 [ERROR]: Unhandled promise rejection: Error [InteractionAlreadyReplied]: The reply to this interaction has already been sent or deferred.
2024-11-24 22:23:51 [ERROR]: Unhandled promise rejection: Error [InteractionAlreadyReplied]: The reply to this interaction has already been sent or deferred.
2024-11-24 22:23:51 [ERROR]: Unhandled promise rejection: Error [InteractionAlreadyReplied]: The reply to this interaction has already been sent or deferred.
2024-11-24 22:31:39 [ERROR]: Unhandled promise rejection: Error [InteractionAlreadyReplied]: The reply to this interaction has already been sent or deferred.
2024-11-24 22:31:39 [ERROR]: Unhandled promise rejection: Error [InteractionAlreadyReplied]: The reply to this interaction has already been sent or deferred.
2024-11-24 22:31:39 [ERROR]: Unhandled promise rejection: Error [InteractionAlreadyReplied]: The reply to this interaction has already been sent or deferred.
2024-11-24 22:31:39 [ERROR]: Unhandled promise rejection: Error [InteractionAlreadyReplied]: The reply to this interaction has already been sent or deferred.
2024-11-24 22:31:39 [ERROR]: Unhandled promise rejection: Error [InteractionAlreadyReplied]: The reply to this interaction has already been sent or deferred.
2024-11-24 22:31:39 [ERROR]: Unhandled promise rejection: Error [InteractionAlreadyReplied]: The reply to this interaction has already been sent or deferred.
2024-11-24 22:32:51 [ERROR]: Unhandled promise rejection: Error [InteractionAlreadyReplied]: The reply to this interaction has already been sent or deferred.
2024-11-24 22:32:51 [ERROR]: Unhandled promise rejection: Error [InteractionAlreadyReplied]: The reply to this interaction has already been sent or deferred.
2024-11-24 22:32:51 [ERROR]: Unhandled promise rejection: Error [InteractionAlreadyReplied]: The reply to this interaction has already been sent or deferred.
2024-11-24 22:32:51 [ERROR]: Unhandled promise rejection: Error [InteractionAlreadyReplied]: The reply to this interaction has already been sent or deferred.
2024-11-24 22:32:52 [ERROR]: Unhandled promise rejection: Error [InteractionAlreadyReplied]: The reply to this interaction has already been sent or deferred.
2024-11-24 22:50:58 [ERROR]: Unhandled promise rejection: Error [InteractionAlreadyReplied]: The reply to this interaction has already been sent or deferred.
2024-11-24 22:50:58 [ERROR]: Unhandled promise rejection: Error [InteractionAlreadyReplied]: The reply to this interaction has already been sent or deferred.
2024-11-24 22:50:59 [ERROR]: Unhandled promise rejection: Error [InteractionAlreadyReplied]: The reply to this interaction has already been sent or deferred.
2024-11-24 22:50:59 [ERROR]: Unhandled promise rejection: Error [InteractionAlreadyReplied]: The reply to this interaction has already been sent or deferred.
2024-11-24 22:50:59 [ERROR]: Unhandled promise rejection: Error [InteractionAlreadyReplied]: The reply to this interaction has already been sent or deferred.
2024-11-24 22:50:59 [ERROR]: Unhandled promise rejection: Error [InteractionAlreadyReplied]: The reply to this interaction has already been sent or deferred.
2024-11-24 22:59:14 [ERROR]: Unhandled promise rejection: Error: getaddrinfo ENOTFOUND discord.com
2024-11-24 23:01:41 [ERROR]: Unhandled promise rejection: Error: getaddrinfo ENOTFOUND gateway.discord.gg
2024-11-24 23:03:13 [ERROR]: Unhandled promise rejection: Error [InteractionAlreadyReplied]: The reply to this interaction has already been sent or deferred.
2024-11-24 23:03:13 [ERROR]: Unhandled promise rejection: Error [InteractionAlreadyReplied]: The reply to this interaction has already been sent or deferred.
2024-11-24 23:03:13 [ERROR]: Unhandled promise rejection: Error [InteractionAlreadyReplied]: The reply to this interaction has already been sent or deferred.
2024-11-24 23:03:13 [ERROR]: Unhandled promise rejection: Error [InteractionAlreadyReplied]: The reply to this interaction has already been sent or deferred.
2024-11-24 23:03:13 [ERROR]: Unhandled promise rejection: Error [InteractionAlreadyReplied]: The reply to this interaction has already been sent or deferred.
