2024-11-22 08:37:52 [ERROR]: uncaughtException: Unknown interaction
DiscordAPIError[10062]: Unknown interaction
    at handleErrors (/home/mehboob/Upwork Projects/Bots/node_modules/@discordjs/rest/dist/index.js:727:13)
    at process.processTicksAndRejections (node:internal/process/task_queues:95:5)
    at async BurstHandler.runRequest (/home/mehboob/Upwork Projects/Bots/node_modules/@discordjs/rest/dist/index.js:831:23)
    at async _REST.request (/home/mehboob/Upwork Projects/Bots/node_modules/@discordjs/rest/dist/index.js:1272:22)
    at async ChatInputCommandInteraction.reply (/home/mehboob/Upwork Projects/Bots/node_modules/discord.js/src/structures/interfaces/InteractionResponses.js:115:5)
    at async Object.execute (/home/mehboob/Upwork Projects/Bots/src/events/interactionCreate.js:25:13)
2024-11-22 08:41:16 [ERROR]: uncaughtException: Unknown interaction
DiscordAPIError[10062]: Unknown interaction
    at handleErrors (/home/mehboob/Upwork Projects/Bots/node_modules/@discordjs/rest/dist/index.js:727:13)
    at process.processTicksAndRejections (node:internal/process/task_queues:95:5)
    at async BurstHandler.runRequest (/home/mehboob/Upwork Projects/Bots/node_modules/@discordjs/rest/dist/index.js:831:23)
    at async _REST.request (/home/mehboob/Upwork Projects/Bots/node_modules/@discordjs/rest/dist/index.js:1272:22)
    at async ChatInputCommandInteraction.reply (/home/mehboob/Upwork Projects/Bots/node_modules/discord.js/src/structures/interfaces/InteractionResponses.js:115:5)
    at async Object.execute (/home/mehboob/Upwork Projects/Bots/src/events/interactionCreate.js:25:13)
2024-11-22 02:39:58 [ERROR]: uncaughtException: Unexpected non-whitespace character after JSON at position 770
SyntaxError: Unexpected non-whitespace character after JSON at position 770
    at JSON.parse (<anonymous>)
    at Object.execute (C:\Users\Asif Computer\Desktop\Discord\Discard_bot\src\events\messageCreate.js:14:29)
    at Client.<anonymous> (C:\Users\Asif Computer\Desktop\Discord\Discard_bot\src\index.js:48:50)
    at Client.emit (node:events:531:35)
    at MessageCreateAction.handle (C:\Users\Asif Computer\Desktop\Discord\Discard_bot\node_modules\discord.js\src\client\actions\MessageCreate.js:32:14)
    at module.exports [as MESSAGE_CREATE] (C:\Users\Asif Computer\Desktop\Discord\Discard_bot\node_modules\discord.js\src\client\websocket\handlers\MESSAGE_CREATE.js:4:32)
    at WebSocketManager.handlePacket (C:\Users\Asif Computer\Desktop\Discord\Discard_bot\node_modules\discord.js\src\client\websocket\WebSocketManager.js:348:31)
    at WebSocketManager.<anonymous> (C:\Users\Asif Computer\Desktop\Discord\Discard_bot\node_modules\discord.js\src\client\websocket\WebSocketManager.js:232:12)
    at WebSocketManager.emit (C:\Users\Asif Computer\Desktop\Discord\Discard_bot\node_modules\@vladfrangu\async_event_emitter\dist\index.cjs:287:31)
    at WebSocketShard.<anonymous> (C:\Users\Asif Computer\Desktop\Discord\Discard_bot\node_modules\@discordjs\ws\dist\index.js:1190:51)
2024-11-22 02:49:23 [ERROR]: uncaughtException: prohibitedWords is not defined
ReferenceError: prohibitedWords is not defined
    at Client.<anonymous> (C:\Users\Asif Computer\Desktop\Discord\Discard_bot\src\index.js:61:23)
    at Client.emit (node:events:531:35)
    at MessageCreateAction.handle (C:\Users\Asif Computer\Desktop\Discord\Discard_bot\node_modules\discord.js\src\client\actions\MessageCreate.js:32:14)
    at module.exports [as MESSAGE_CREATE] (C:\Users\Asif Computer\Desktop\Discord\Discard_bot\node_modules\discord.js\src\client\websocket\handlers\MESSAGE_CREATE.js:4:32)
    at WebSocketManager.handlePacket (C:\Users\Asif Computer\Desktop\Discord\Discard_bot\node_modules\discord.js\src\client\websocket\WebSocketManager.js:348:31)
    at WebSocketManager.<anonymous> (C:\Users\Asif Computer\Desktop\Discord\Discard_bot\node_modules\discord.js\src\client\websocket\WebSocketManager.js:232:12)
    at WebSocketManager.emit (C:\Users\Asif Computer\Desktop\Discord\Discard_bot\node_modules\@vladfrangu\async_event_emitter\dist\index.cjs:287:31)
    at WebSocketShard.<anonymous> (C:\Users\Asif Computer\Desktop\Discord\Discard_bot\node_modules\@discordjs\ws\dist\index.js:1190:51)
    at WebSocketShard.emit (C:\Users\Asif Computer\Desktop\Discord\Discard_bot\node_modules\@vladfrangu\async_event_emitter\dist\index.cjs:287:31)
    at WebSocketShard.onMessage (C:\Users\Asif Computer\Desktop\Discord\Discard_bot\node_modules\@discordjs\ws\dist\index.js:1005:14)
2024-11-22 03:36:06 [ERROR]: uncaughtException: Unexpected non-whitespace character after JSON at position 801
SyntaxError: Unexpected non-whitespace character after JSON at position 801
    at JSON.parse (<anonymous>)
    at Object.execute (C:\Users\Asif Computer\Desktop\Discord\Discard_bot\src\events\messageCreate.js:14:29)
    at Client.<anonymous> (C:\Users\Asif Computer\Desktop\Discord\Discard_bot\src\index.js:52:50)
    at Client.emit (node:events:531:35)
    at MessageCreateAction.handle (C:\Users\Asif Computer\Desktop\Discord\Discard_bot\node_modules\discord.js\src\client\actions\MessageCreate.js:32:14)
    at module.exports [as MESSAGE_CREATE] (C:\Users\Asif Computer\Desktop\Discord\Discard_bot\node_modules\discord.js\src\client\websocket\handlers\MESSAGE_CREATE.js:4:32)
    at WebSocketManager.handlePacket (C:\Users\Asif Computer\Desktop\Discord\Discard_bot\node_modules\discord.js\src\client\websocket\WebSocketManager.js:348:31)
    at WebSocketManager.<anonymous> (C:\Users\Asif Computer\Desktop\Discord\Discard_bot\node_modules\discord.js\src\client\websocket\WebSocketManager.js:232:12)
    at WebSocketManager.emit (C:\Users\Asif Computer\Desktop\Discord\Discard_bot\node_modules\@vladfrangu\async_event_emitter\dist\index.cjs:287:31)
    at WebSocketShard.<anonymous> (C:\Users\Asif Computer\Desktop\Discord\Discard_bot\node_modules\@discordjs\ws\dist\index.js:1190:51)
2024-11-22 06:03:50 [ERROR]: uncaughtException: MTMwODc4Njk1MDY4MTAwNjE5MQ is not defined
ReferenceError: MTMwODc4Njk1MDY4MTAwNjE5MQ is not defined
    at Object.<anonymous> (C:\Users\Asif Computer\Desktop\Discord\Discard_bot\src\index.js:131:14)
    at Module._compile (node:internal/modules/cjs/loader:1469:14)
    at Module._extensions..js (node:internal/modules/cjs/loader:1548:10)
    at Module.load (node:internal/modules/cjs/loader:1288:32)
    at Module._load (node:internal/modules/cjs/loader:1104:12)
    at Function.executeUserEntryPoint [as runMain] (node:internal/modules/run_main:174:12)
    at node:internal/main/run_main_module:28:49
2024-11-22 21:44:24 [ERROR]: uncaughtException: cron is not defined
ReferenceError: cron is not defined
    at Object.<anonymous> (C:\Users\Asif Computer\Desktop\Discord\Discard_bot\src\index.js:86:1)
    at Module._compile (node:internal/modules/cjs/loader:1469:14)
    at Module._extensions..js (node:internal/modules/cjs/loader:1548:10)
    at Module.load (node:internal/modules/cjs/loader:1288:32)
    at Module._load (node:internal/modules/cjs/loader:1104:12)
    at Function.executeUserEntryPoint [as runMain] (node:internal/modules/run_main:174:12)
    at node:internal/main/run_main_module:28:49
2024-11-22 21:44:49 [ERROR]: uncaughtException: cron is not defined
ReferenceError: cron is not defined
    at Object.<anonymous> (C:\Users\Asif Computer\Desktop\Discord\Discard_bot\src\index.js:87:1)
    at Module._compile (node:internal/modules/cjs/loader:1469:14)
    at Module._extensions..js (node:internal/modules/cjs/loader:1548:10)
    at Module.load (node:internal/modules/cjs/loader:1288:32)
    at Module._load (node:internal/modules/cjs/loader:1104:12)
    at Function.executeUserEntryPoint [as runMain] (node:internal/modules/run_main:174:12)
    at node:internal/main/run_main_module:28:49
2024-11-22 21:47:42 [ERROR]: uncaughtException: cron is not defined
ReferenceError: cron is not defined
    at Object.<anonymous> (C:\Users\Asif Computer\Desktop\Discord\Discard_bot\src\index.js:87:1)
    at Module._compile (node:internal/modules/cjs/loader:1469:14)
    at Module._extensions..js (node:internal/modules/cjs/loader:1548:10)
    at Module.load (node:internal/modules/cjs/loader:1288:32)
    at Module._load (node:internal/modules/cjs/loader:1104:12)
    at Function.executeUserEntryPoint [as runMain] (node:internal/modules/run_main:174:12)
    at node:internal/main/run_main_module:28:49
2024-11-22 21:47:56 [ERROR]: uncaughtException: cron is not defined
ReferenceError: cron is not defined
    at Object.<anonymous> (C:\Users\Asif Computer\Desktop\Discord\Discard_bot\src\index.js:87:1)
    at Module._compile (node:internal/modules/cjs/loader:1469:14)
    at Module._extensions..js (node:internal/modules/cjs/loader:1548:10)
    at Module.load (node:internal/modules/cjs/loader:1288:32)
    at Module._load (node:internal/modules/cjs/loader:1104:12)
    at Function.executeUserEntryPoint [as runMain] (node:internal/modules/run_main:174:12)
    at node:internal/main/run_main_module:28:49
2024-11-25 22:10:32 [ERROR]: uncaughtException: Cannot find module './config/config.json'
Require stack:
- C:\Users\Asif Computer\Desktop\Discord\Discard_bot\src\index.js
Error: Cannot find module './config/config.json'
Require stack:
- C:\Users\Asif Computer\Desktop\Discord\Discard_bot\src\index.js
    at Module._resolveFilename (node:internal/modules/cjs/loader:1225:15)
    at Module._load (node:internal/modules/cjs/loader:1051:27)
    at Module.require (node:internal/modules/cjs/loader:1311:19)
    at require (node:internal/modules/helpers:179:18)
    at Object.<anonymous> (C:\Users\Asif Computer\Desktop\Discord\Discard_bot\src\index.js:8:16)
    at Module._compile (node:internal/modules/cjs/loader:1469:14)
    at Module._extensions..js (node:internal/modules/cjs/loader:1548:10)
    at Module.load (node:internal/modules/cjs/loader:1288:32)
    at Module._load (node:internal/modules/cjs/loader:1104:12)
    at Function.executeUserEntryPoint [as runMain] (node:internal/modules/run_main:174:12)
2024-11-25 22:14:02 [ERROR]: uncaughtException: Cannot find module './config/config.json'
Require stack:
- C:\Users\Asif Computer\Desktop\Discord\Discard_bot\src\index.js
Error: Cannot find module './config/config.json'
Require stack:
- C:\Users\Asif Computer\Desktop\Discord\Discard_bot\src\index.js
    at Module._resolveFilename (node:internal/modules/cjs/loader:1225:15)
    at Module._load (node:internal/modules/cjs/loader:1051:27)
    at Module.require (node:internal/modules/cjs/loader:1311:19)
    at require (node:internal/modules/helpers:179:18)
    at Object.<anonymous> (C:\Users\Asif Computer\Desktop\Discord\Discard_bot\src\index.js:8:16)
    at Module._compile (node:internal/modules/cjs/loader:1469:14)
    at Module._extensions..js (node:internal/modules/cjs/loader:1548:10)
    at Module.load (node:internal/modules/cjs/loader:1288:32)
    at Module._load (node:internal/modules/cjs/loader:1104:12)
    at Function.executeUserEntryPoint [as runMain] (node:internal/modules/run_main:174:12)
2024-11-25 22:14:09 [ERROR]: uncaughtException: Cannot find module './config/config.json'
Require stack:
- C:\Users\Asif Computer\Desktop\Discord\Discard_bot\src\index.js
Error: Cannot find module './config/config.json'
Require stack:
- C:\Users\Asif Computer\Desktop\Discord\Discard_bot\src\index.js
    at Module._resolveFilename (node:internal/modules/cjs/loader:1225:15)
    at Module._load (node:internal/modules/cjs/loader:1051:27)
    at Module.require (node:internal/modules/cjs/loader:1311:19)
    at require (node:internal/modules/helpers:179:18)
    at Object.<anonymous> (C:\Users\Asif Computer\Desktop\Discord\Discard_bot\src\index.js:8:16)
    at Module._compile (node:internal/modules/cjs/loader:1469:14)
    at Module._extensions..js (node:internal/modules/cjs/loader:1548:10)
    at Module.load (node:internal/modules/cjs/loader:1288:32)
    at Module._load (node:internal/modules/cjs/loader:1104:12)
    at Function.executeUserEntryPoint [as runMain] (node:internal/modules/run_main:174:12)
2024-11-25 22:16:37 [ERROR]: uncaughtException: Cannot find module './config/config.json'
Require stack:
- C:\Users\Asif Computer\Desktop\Discord\Discard_bot\src\index.js
Error: Cannot find module './config/config.json'
Require stack:
- C:\Users\Asif Computer\Desktop\Discord\Discard_bot\src\index.js
    at Module._resolveFilename (node:internal/modules/cjs/loader:1225:15)
    at Module._load (node:internal/modules/cjs/loader:1051:27)
    at Module.require (node:internal/modules/cjs/loader:1311:19)
    at require (node:internal/modules/helpers:179:18)
    at Object.<anonymous> (C:\Users\Asif Computer\Desktop\Discord\Discard_bot\src\index.js:8:16)
    at Module._compile (node:internal/modules/cjs/loader:1469:14)
    at Module._extensions..js (node:internal/modules/cjs/loader:1548:10)
    at Module.load (node:internal/modules/cjs/loader:1288:32)
    at Module._load (node:internal/modules/cjs/loader:1104:12)
    at Function.executeUserEntryPoint [as runMain] (node:internal/modules/run_main:174:12)
2024-11-25 22:16:51 [ERROR]: uncaughtException: Cannot find module './config/config.json'
Require stack:
- C:\Users\Asif Computer\Desktop\Discord\Discard_bot\src\index.js
Error: Cannot find module './config/config.json'
Require stack:
- C:\Users\Asif Computer\Desktop\Discord\Discard_bot\src\index.js
    at Module._resolveFilename (node:internal/modules/cjs/loader:1225:15)
    at Module._load (node:internal/modules/cjs/loader:1051:27)
    at Module.require (node:internal/modules/cjs/loader:1311:19)
    at require (node:internal/modules/helpers:179:18)
    at Object.<anonymous> (C:\Users\Asif Computer\Desktop\Discord\Discard_bot\src\index.js:8:16)
    at Module._compile (node:internal/modules/cjs/loader:1469:14)
    at Module._extensions..js (node:internal/modules/cjs/loader:1548:10)
    at Module.load (node:internal/modules/cjs/loader:1288:32)
    at Module._load (node:internal/modules/cjs/loader:1104:12)
    at Function.executeUserEntryPoint [as runMain] (node:internal/modules/run_main:174:12)
2024-11-25 22:20:15 [ERROR]: uncaughtException: Cannot find module './config/config.json'
Require stack:
- C:\Users\Asif Computer\Desktop\Discord\Discard_bot\src\index.js
Error: Cannot find module './config/config.json'
Require stack:
- C:\Users\Asif Computer\Desktop\Discord\Discard_bot\src\index.js
    at Module._resolveFilename (node:internal/modules/cjs/loader:1225:15)
    at Module._load (node:internal/modules/cjs/loader:1051:27)
    at Module.require (node:internal/modules/cjs/loader:1311:19)
    at require (node:internal/modules/helpers:179:18)
    at Object.<anonymous> (C:\Users\Asif Computer\Desktop\Discord\Discard_bot\src\index.js:8:16)
    at Module._compile (node:internal/modules/cjs/loader:1469:14)
    at Module._extensions..js (node:internal/modules/cjs/loader:1548:10)
    at Module.load (node:internal/modules/cjs/loader:1288:32)
    at Module._load (node:internal/modules/cjs/loader:1104:12)
    at Function.executeUserEntryPoint [as runMain] (node:internal/modules/run_main:174:12)
2024-11-25 22:21:10 [ERROR]: uncaughtException: Cannot find module './config/config.json'
Require stack:
- C:\Users\Asif Computer\Desktop\Discord\Discard_bot\src\index.js
Error: Cannot find module './config/config.json'
Require stack:
- C:\Users\Asif Computer\Desktop\Discord\Discard_bot\src\index.js
    at Module._resolveFilename (node:internal/modules/cjs/loader:1225:15)
    at Module._load (node:internal/modules/cjs/loader:1051:27)
    at Module.require (node:internal/modules/cjs/loader:1311:19)
    at require (node:internal/modules/helpers:179:18)
    at Object.<anonymous> (C:\Users\Asif Computer\Desktop\Discord\Discard_bot\src\index.js:8:16)
    at Module._compile (node:internal/modules/cjs/loader:1469:14)
    at Module._extensions..js (node:internal/modules/cjs/loader:1548:10)
    at Module.load (node:internal/modules/cjs/loader:1288:32)
    at Module._load (node:internal/modules/cjs/loader:1104:12)
    at Function.executeUserEntryPoint [as runMain] (node:internal/modules/run_main:174:12)
2024-11-26 00:59:18 [ERROR]: uncaughtException: Unknown interaction
DiscordAPIError[10062]: Unknown interaction
    at handleErrors (C:\Users\Asif Computer\Desktop\Discord\Discard_bot\node_modules\@discordjs\rest\dist\index.js:727:13)
    at process.processTicksAndRejections (node:internal/process/task_queues:95:5)
    at async BurstHandler.runRequest (C:\Users\Asif Computer\Desktop\Discord\Discard_bot\node_modules\@discordjs\rest\dist\index.js:831:23)
    at async _REST.request (C:\Users\Asif Computer\Desktop\Discord\Discard_bot\node_modules\@discordjs\rest\dist\index.js:1272:22)
    at async ChatInputCommandInteraction.reply (C:\Users\Asif Computer\Desktop\Discord\Discard_bot\node_modules\discord.js\src\structures\interfaces\InteractionResponses.js:115:5)
    at async Object.execute (C:\Users\Asif Computer\Desktop\Discord\Discard_bot\src\events\interactionCreate.js:25:13)
2024-11-26 01:26:50 [ERROR]: uncaughtException: Cannot find module '../../utils/captcha'
Require stack:
- C:\Users\Asif Computer\Desktop\Discord\Discard_bot\src\events\guildMemberAdd.js
- C:\Users\Asif Computer\Desktop\Discord\Discard_bot\src\index.js
Error: Cannot find module '../../utils/captcha'
Require stack:
- C:\Users\Asif Computer\Desktop\Discord\Discard_bot\src\events\guildMemberAdd.js
- C:\Users\Asif Computer\Desktop\Discord\Discard_bot\src\index.js
    at Module._resolveFilename (node:internal/modules/cjs/loader:1225:15)
    at Module._load (node:internal/modules/cjs/loader:1051:27)
    at Module.require (node:internal/modules/cjs/loader:1311:19)
    at require (node:internal/modules/helpers:179:18)
    at Object.<anonymous> (C:\Users\Asif Computer\Desktop\Discord\Discard_bot\src\events\guildMemberAdd.js:3:27)
    at Module._compile (node:internal/modules/cjs/loader:1469:14)
    at Module._extensions..js (node:internal/modules/cjs/loader:1548:10)
    at Module.load (node:internal/modules/cjs/loader:1288:32)
    at Module._load (node:internal/modules/cjs/loader:1104:12)
    at Module.require (node:internal/modules/cjs/loader:1311:19)
2024-11-26 01:29:28 [ERROR]: uncaughtException: Cannot find module '../../utils/captcha'
Require stack:
- C:\Users\Asif Computer\Desktop\Discord\Discard_bot\src\events\guildMemberAdd.js
- C:\Users\Asif Computer\Desktop\Discord\Discard_bot\src\index.js
Error: Cannot find module '../../utils/captcha'
Require stack:
- C:\Users\Asif Computer\Desktop\Discord\Discard_bot\src\events\guildMemberAdd.js
- C:\Users\Asif Computer\Desktop\Discord\Discard_bot\src\index.js
    at Module._resolveFilename (node:internal/modules/cjs/loader:1225:15)
    at Module._load (node:internal/modules/cjs/loader:1051:27)
    at Module.require (node:internal/modules/cjs/loader:1311:19)
    at require (node:internal/modules/helpers:179:18)
    at Object.<anonymous> (C:\Users\Asif Computer\Desktop\Discord\Discard_bot\src\events\guildMemberAdd.js:3:27)
    at Module._compile (node:internal/modules/cjs/loader:1469:14)
    at Module._extensions..js (node:internal/modules/cjs/loader:1548:10)
    at Module.load (node:internal/modules/cjs/loader:1288:32)
    at Module._load (node:internal/modules/cjs/loader:1104:12)
    at Module.require (node:internal/modules/cjs/loader:1311:19)
2024-11-26 02:34:50 [ERROR]: uncaughtException: Unknown interaction
DiscordAPIError[10062]: Unknown interaction
    at handleErrors (C:\Users\Asif Computer\Desktop\Discord\Discard_bot\node_modules\@discordjs\rest\dist\index.js:727:13)
    at process.processTicksAndRejections (node:internal/process/task_queues:95:5)
    at async BurstHandler.runRequest (C:\Users\Asif Computer\Desktop\Discord\Discard_bot\node_modules\@discordjs\rest\dist\index.js:831:23)
    at async _REST.request (C:\Users\Asif Computer\Desktop\Discord\Discard_bot\node_modules\@discordjs\rest\dist\index.js:1272:22)
    at async ChatInputCommandInteraction.reply (C:\Users\Asif Computer\Desktop\Discord\Discard_bot\node_modules\discord.js\src\structures\interfaces\InteractionResponses.js:115:5)
    at async Object.execute (C:\Users\Asif Computer\Desktop\Discord\Discard_bot\src\events\interactionCreate.js:25:13)
2024-11-26 03:37:18 [ERROR]: uncaughtException: Events is not defined
ReferenceError: Events is not defined
    at Object.<anonymous> (C:\Users\Asif Computer\Desktop\Discord\Discard_bot\src\index.js:164:11)
    at Module._compile (node:internal/modules/cjs/loader:1469:14)
    at Module._extensions..js (node:internal/modules/cjs/loader:1548:10)
    at Module.load (node:internal/modules/cjs/loader:1288:32)
    at Module._load (node:internal/modules/cjs/loader:1104:12)
    at Function.executeUserEntryPoint [as runMain] (node:internal/modules/run_main:174:12)
    at node:internal/main/run_main_module:28:49
2024-11-26 19:40:01 [ERROR]: uncaughtException: Events is not defined
ReferenceError: Events is not defined
    at Object.<anonymous> (C:\Users\Asif Computer\Desktop\Discord\Discard_bot\src\index.js:164:11)
    at Module._compile (node:internal/modules/cjs/loader:1469:14)
    at Module._extensions..js (node:internal/modules/cjs/loader:1548:10)
    at Module.load (node:internal/modules/cjs/loader:1288:32)
    at Module._load (node:internal/modules/cjs/loader:1104:12)
    at Function.executeUserEntryPoint [as runMain] (node:internal/modules/run_main:174:12)
    at node:internal/main/run_main_module:28:49
2024-11-26 19:43:08 [ERROR]: uncaughtException: Events is not defined
ReferenceError: Events is not defined
    at Object.<anonymous> (C:\Users\Asif Computer\Desktop\Discord\Discard_bot\src\index.js:164:11)
    at Module._compile (node:internal/modules/cjs/loader:1469:14)
    at Module._extensions..js (node:internal/modules/cjs/loader:1548:10)
    at Module.load (node:internal/modules/cjs/loader:1288:32)
    at Module._load (node:internal/modules/cjs/loader:1104:12)
    at Function.executeUserEntryPoint [as runMain] (node:internal/modules/run_main:174:12)
    at node:internal/main/run_main_module:28:49
2024-11-26 19:44:14 [ERROR]: uncaughtException: Events is not defined
ReferenceError: Events is not defined
    at Object.<anonymous> (C:\Users\Asif Computer\Desktop\Discord\Discard_bot\src\index.js:164:11)
    at Module._compile (node:internal/modules/cjs/loader:1469:14)
    at Module._extensions..js (node:internal/modules/cjs/loader:1548:10)
    at Module.load (node:internal/modules/cjs/loader:1288:32)
    at Module._load (node:internal/modules/cjs/loader:1104:12)
    at Function.executeUserEntryPoint [as runMain] (node:internal/modules/run_main:174:12)
    at node:internal/main/run_main_module:28:49
2024-11-26 19:44:59 [ERROR]: uncaughtException: Events is not defined
ReferenceError: Events is not defined
    at Object.<anonymous> (C:\Users\Asif Computer\Desktop\Discord\Discard_bot\src\index.js:164:11)
    at Module._compile (node:internal/modules/cjs/loader:1469:14)
    at Module._extensions..js (node:internal/modules/cjs/loader:1548:10)
    at Module.load (node:internal/modules/cjs/loader:1288:32)
    at Module._load (node:internal/modules/cjs/loader:1104:12)
    at Function.executeUserEntryPoint [as runMain] (node:internal/modules/run_main:174:12)
    at node:internal/main/run_main_module:28:49
2024-11-26 19:45:01 [ERROR]: uncaughtException: Events is not defined
ReferenceError: Events is not defined
    at Object.<anonymous> (C:\Users\Asif Computer\Desktop\Discord\Discard_bot\src\index.js:164:11)
    at Module._compile (node:internal/modules/cjs/loader:1469:14)
    at Module._extensions..js (node:internal/modules/cjs/loader:1548:10)
    at Module.load (node:internal/modules/cjs/loader:1288:32)
    at Module._load (node:internal/modules/cjs/loader:1104:12)
    at Function.executeUserEntryPoint [as runMain] (node:internal/modules/run_main:174:12)
    at node:internal/main/run_main_module:28:49
2024-11-26 19:50:58 [ERROR]: uncaughtException: Events is not defined
ReferenceError: Events is not defined
    at Object.<anonymous> (C:\Users\Asif Computer\Desktop\Discord\Discard_bot\src\index.js:164:11)
    at Module._compile (node:internal/modules/cjs/loader:1469:14)
    at Module._extensions..js (node:internal/modules/cjs/loader:1548:10)
    at Module.load (node:internal/modules/cjs/loader:1288:32)
    at Module._load (node:internal/modules/cjs/loader:1104:12)
    at Function.executeUserEntryPoint [as runMain] (node:internal/modules/run_main:174:12)
    at node:internal/main/run_main_module:28:49
2024-11-26 19:51:17 [ERROR]: uncaughtException: Events is not defined
ReferenceError: Events is not defined
    at Object.<anonymous> (C:\Users\Asif Computer\Desktop\Discord\Discard_bot\src\index.js:164:11)
    at Module._compile (node:internal/modules/cjs/loader:1469:14)
    at Module._extensions..js (node:internal/modules/cjs/loader:1548:10)
    at Module.load (node:internal/modules/cjs/loader:1288:32)
    at Module._load (node:internal/modules/cjs/loader:1104:12)
    at Function.executeUserEntryPoint [as runMain] (node:internal/modules/run_main:174:12)
    at node:internal/main/run_main_module:28:49
2024-11-26 19:51:28 [ERROR]: uncaughtException: Events is not defined
ReferenceError: Events is not defined
    at Object.<anonymous> (C:\Users\Asif Computer\Desktop\Discord\Discard_bot\src\index.js:164:11)
    at Module._compile (node:internal/modules/cjs/loader:1469:14)
    at Module._extensions..js (node:internal/modules/cjs/loader:1548:10)
    at Module.load (node:internal/modules/cjs/loader:1288:32)
    at Module._load (node:internal/modules/cjs/loader:1104:12)
    at Function.executeUserEntryPoint [as runMain] (node:internal/modules/run_main:174:12)
    at node:internal/main/run_main_module:28:49
2024-11-26 19:51:52 [ERROR]: uncaughtException: Events is not defined
ReferenceError: Events is not defined
    at Object.<anonymous> (C:\Users\Asif Computer\Desktop\Discord\Discard_bot\src\index.js:164:11)
    at Module._compile (node:internal/modules/cjs/loader:1469:14)
    at Module._extensions..js (node:internal/modules/cjs/loader:1548:10)
    at Module.load (node:internal/modules/cjs/loader:1288:32)
    at Module._load (node:internal/modules/cjs/loader:1104:12)
    at Function.executeUserEntryPoint [as runMain] (node:internal/modules/run_main:174:12)
    at node:internal/main/run_main_module:28:49
2024-11-26 21:01:08 [ERROR]: uncaughtException: Interaction has already been acknowledged.
DiscordAPIError[40060]: Interaction has already been acknowledged.
    at handleErrors (C:\Users\Asif Computer\Desktop\Discord\Discard_bot\node_modules\@discordjs\rest\dist\index.js:727:13)
    at process.processTicksAndRejections (node:internal/process/task_queues:95:5)
    at async BurstHandler.runRequest (C:\Users\Asif Computer\Desktop\Discord\Discard_bot\node_modules\@discordjs\rest\dist\index.js:831:23)
    at async _REST.request (C:\Users\Asif Computer\Desktop\Discord\Discard_bot\node_modules\@discordjs\rest\dist\index.js:1272:22)
    at async ChatInputCommandInteraction.reply (C:\Users\Asif Computer\Desktop\Discord\Discard_bot\node_modules\discord.js\src\structures\interfaces\InteractionResponses.js:115:5)
    at async Object.execute (C:\Users\Asif Computer\Desktop\Discord\Discard_bot\src\events\interactionCreate.js:25:13)
2024-11-27 01:28:11 [ERROR]: uncaughtException: Missing Permissions
DiscordAPIError[50013]: Missing Permissions
    at handleErrors (C:\Users\Asif Computer\Desktop\Discord\Discard_bot\node_modules\@discordjs\rest\dist\index.js:727:13)
    at process.processTicksAndRejections (node:internal/process/task_queues:95:5)
    at async SequentialHandler.runRequest (C:\Users\Asif Computer\Desktop\Discord\Discard_bot\node_modules\@discordjs\rest\dist\index.js:1128:23)
    at async SequentialHandler.queueRequest (C:\Users\Asif Computer\Desktop\Discord\Discard_bot\node_modules\@discordjs\rest\dist\index.js:959:14)
    at async _REST.request (C:\Users\Asif Computer\Desktop\Discord\Discard_bot\node_modules\@discordjs\rest\dist\index.js:1272:22)
    at async GuildMemberManager.edit (C:\Users\Asif Computer\Desktop\Discord\Discard_bot\node_modules\discord.js\src\managers\GuildMemberManager.js:382:15)
    at async Object.execute (C:\Users\Asif Computer\Desktop\Discord\Discard_bot\src\events\messageCreate.js:87:17)
2024-11-27 01:42:44 [ERROR]: uncaughtException: Missing Permissions
DiscordAPIError[50013]: Missing Permissions
    at handleErrors (C:\Users\Asif Computer\Desktop\Discord\Discard_bot\node_modules\@discordjs\rest\dist\index.js:727:13)
    at process.processTicksAndRejections (node:internal/process/task_queues:95:5)
    at async SequentialHandler.runRequest (C:\Users\Asif Computer\Desktop\Discord\Discard_bot\node_modules\@discordjs\rest\dist\index.js:1128:23)
    at async SequentialHandler.queueRequest (C:\Users\Asif Computer\Desktop\Discord\Discard_bot\node_modules\@discordjs\rest\dist\index.js:959:14)
    at async _REST.request (C:\Users\Asif Computer\Desktop\Discord\Discard_bot\node_modules\@discordjs\rest\dist\index.js:1272:22)
    at async GuildMemberManager.edit (C:\Users\Asif Computer\Desktop\Discord\Discard_bot\node_modules\discord.js\src\managers\GuildMemberManager.js:382:15)
    at async Object.execute (C:\Users\Asif Computer\Desktop\Discord\Discard_bot\src\events\messageCreate.js:87:17)
